============================================================
  Generated by:           Genus(TM) Synthesis Solution 19.13-s073_1
  Generated on:           Apr 20 2022  01:57:46 pm
  Module:                 boundFlasher
  Technology libraries:   slow_1v0 
                          pll 0.0
                          CDK_S128x16 0.0
                          CDK_S256x16 0.0
                          CDK_R512x16 0.0
                          physical_cells 
  Operating conditions:   slow 
  Interconnect mode:      global
  Area mode:              physical library
============================================================

Timing
--------

Clock Period 
-------------
clk    542.0 


  Cost    Critical         Violating 
 Group   Path Slack  TNS     Paths   
-------------------------------------
clk             0.0   0.0          0 
default    No paths   0.0            
-------------------------------------
Total                 0.0          0 

Instance Count
--------------
Leaf Instance Count             111 
Physical Instance count           0 
Sequential Instance Count        38 
Combinational Instance Count     73 
Hierarchical Instance Count       0 

Area
----
Cell Area                          411.426
Physical Cell Area                 0.000
Total Cell Area (Cell+Physical)    411.426
Net Area                           131.084
Total Area (Cell+Physical+Net)     542.510

Runtime                            0.0 seconds
Elapsed Runtime                    21 seconds
Genus peak memory usage            1053.66 
Innovus peak memory usage          no_value 
Hostname                           ktmt
